c:\users\jared.berger\desktop\dpscalculator\dpscalculator\debug\dpscalculator.bsc
c:\users\jared.berger\desktop\dpscalculator\dpscalculator\dpscalculator\debug\vc140.pdb
c:\users\jared.berger\desktop\dpscalculator\dpscalculator\dpscalculator\debug\vc140.idb
c:\users\jared.berger\desktop\dpscalculator\dpscalculator\dpscalculator\debug\source.sbr
c:\users\jared.berger\desktop\dpscalculator\dpscalculator\dpscalculator\debug\source.obj
c:\users\jared.berger\desktop\dpscalculator\dpscalculator\debug\dpscalculator.ilk
c:\users\jared.berger\desktop\dpscalculator\dpscalculator\debug\dpscalculator.exe
c:\users\jared.berger\desktop\dpscalculator\dpscalculator\debug\dpscalculator.pdb
c:\users\jared.berger\desktop\dpscalculator\dpscalculator\dpscalculator\debug\dpscalculator.res
c:\users\jared.berger\desktop\dpscalculator\dpscalculator\dpscalculator\debug\dpscalculator.tlog\bscmake.command.1.tlog
c:\users\jared.berger\desktop\dpscalculator\dpscalculator\dpscalculator\debug\dpscalculator.tlog\bscmake.read.1.tlog
c:\users\jared.berger\desktop\dpscalculator\dpscalculator\dpscalculator\debug\dpscalculator.tlog\bscmake.write.1.tlog
c:\users\jared.berger\desktop\dpscalculator\dpscalculator\dpscalculator\debug\dpscalculator.tlog\cl.command.1.tlog
c:\users\jared.berger\desktop\dpscalculator\dpscalculator\dpscalculator\debug\dpscalculator.tlog\cl.read.1.tlog
c:\users\jared.berger\desktop\dpscalculator\dpscalculator\dpscalculator\debug\dpscalculator.tlog\cl.write.1.tlog
c:\users\jared.berger\desktop\dpscalculator\dpscalculator\dpscalculator\debug\dpscalculator.tlog\link.command.1.tlog
c:\users\jared.berger\desktop\dpscalculator\dpscalculator\dpscalculator\debug\dpscalculator.tlog\link.read.1.tlog
c:\users\jared.berger\desktop\dpscalculator\dpscalculator\dpscalculator\debug\dpscalculator.tlog\link.write.1.tlog
c:\users\jared.berger\desktop\dpscalculator\dpscalculator\dpscalculator\debug\dpscalculator.tlog\rc.command.1.tlog
c:\users\jared.berger\desktop\dpscalculator\dpscalculator\dpscalculator\debug\dpscalculator.tlog\rc.read.1.tlog
c:\users\jared.berger\desktop\dpscalculator\dpscalculator\dpscalculator\debug\dpscalculator.tlog\rc.write.1.tlog
